Arguments: 
  /root/.nvm/versions/node/v14.17.6/bin/node /root/.nvm/versions/node/v14.17.6/bin/yarn

PATH: 
  /root/.nvm/versions/node/v14.17.6/bin:/usr/local/apache-maven/apache-maven-3.3.9/bin:/root/.cabal/bin:/root/.ghcup/bin:/usr/local/sbin:/usr/local/bin:/usr/sbin:/usr/bin:/sbin:/bin:/usr/games:/usr/local/games:/usr/lib/wsl/lib:/mnt/c/Program Files/copasi.org/COPASI 4.34.251/bin:/mnt/c/Program Files/AdoptOpenJDK/jdk-11.0.11.9-hotspot/bin:/mnt/c/Program Files (x86)/Common Files/Oracle/Java/javapath:/mnt/c/Program Files (x86)/Intel/iCLS Client/:/mnt/c/Program Files/Intel/iCLS Client/:/mnt/c/WINDOWS/system32:/mnt/c/WINDOWS:/mnt/c/WINDOWS/System32/Wbem:/mnt/c/WINDOWS/System32/WindowsPowerShell/v1.0/:/mnt/c/Program Files (x86)/Intel/Intel(R) Management Engine Components/DAL:/mnt/c/Program Files/Intel/Intel(R) Management Engine Components/DAL:/mnt/c/Program Files (x86)/Intel/Intel(R) Management Engine Components/IPT:/mnt/c/Program Files/Intel/Intel(R) Management Engine Components/IPT:/mnt/c/Program Files/CMake/bin:/mnt/c/WINDOWS/System32/OpenSSH/:/mnt/c/Program Files (x86)/mingw-w64/i686-8.1.0-posix-dwarf-rt_v6-rev0/mingw32/bin:/mnt/c/Go/bin:/mnt/c/Users/Max/anaconda3/pkgs/cudnn-7.6.5-cuda10.0_0:/mnt/c/Program Files/Tesseract-OCR:/mnt/c/Users/Max/anaconda3:/mnt/c/Users/Max/Downloads/GHC/ghc-8.10.1/bin:/mnt/c/ProgramData/chocolatey/bin:/mnt/c/Users/Max/src/kogito/mvn38/bin:/mnt/c/Users/Max/src/kogito/graalvm/bin:/mnt/c/Users/Max/src/curl/bin:/mnt/c/Users/Max/AppData/Roaming/nvm:/mnt/c/Program Files/nodejs:/mnt/g/My Drive/Google Sheets:/mnt/c/Program Files/Calibre2/:/mnt/c/Users/Max/AppData/Roaming/local/bin:/mnt/c/Users/Max/AppData/Local/Microsoft/WindowsApps:/mnt/c/Users/Max/go/bin:/mnt/c/Users/Max/AppData/Local/Programs/Microsoft VS Code/bin:/mnt/c/Users/Max/AppData/Local/Programs/MiKTeX/miktex/bin/x64/:/mnt/c/Users/Max/AppData/Roaming/cabal/bin:/mnt/c/ProgramData/chocolatey/lib/ghc/tools/ghc-8.10.3/bin:/mnt/c/tools/msys64:/mnt/c/Users/Max/AppData/Roaming/nvm:/mnt/c/Program Files/nodejs:/snap/bin:/root/bin:/usr/java/jdk-13.0.2/bin:/root/.stack/snapshots/x86_64-linux-tinfo6/8156c45c6526a055c27b6eeb122195b3d6f9f2a6c665d3345c6b25e8e17f9099/8.8.4/bin/

Yarn version: 
  1.22.19

Node version: 
  14.17.6

Platform: 
  linux x64

Trace: 
  SyntaxError: /mnt/c/Users/Max/src/mti/package.json: Unexpected string in JSON at position 598
      at JSON.parse (<anonymous>)
      at /root/.nvm/versions/node/v14.17.6/lib/node_modules/yarn/lib/cli.js:1629:59
      at Generator.next (<anonymous>)
      at step (/root/.nvm/versions/node/v14.17.6/lib/node_modules/yarn/lib/cli.js:310:30)
      at /root/.nvm/versions/node/v14.17.6/lib/node_modules/yarn/lib/cli.js:321:13

npm manifest: 
  {
    "name": "mti",
    "version": "1.0.0",
    "description": "",
    "main": "index.js",
    "author": "",
    "license": "ISC",
    "private": true,
    "dependencies": {
      "@theia/callhierarchy": "next",
      "@theia/file-search": "next",
      "@theia/git": "next",
      "@theia/markers": "next",
      "@theia/messages": "next",
      "@theia/mini-browser": "next",
      "@theia/navigator": "next",
      "@theia/outline-view": "next",
      "@theia/plugin-ext-vscode": "next",
      "@theia/preferences": "next",
      "@theia/preview": "next",
      "@theia/search-in-workspace": "next",
      "@theia/terminal": "next"
      "@theia/core": "^1.34.2",
      "@theia/workspace": "^1.34.2",
      "ajv": "^8.12.0"
    },
    "devDependencies": {
      "@theia/cli": "next"
    },
    "scripts": {
      "prepare": "yarn run clean && yarn build && yarn run download:plugins",
      "clean": "theia clean",
      "build": "theia build --mode development",
      "start": "theia start --plugins=local-dir:plugins",
      "download:plugins": "theia download:plugins"
    },
    "theiaPluginsDir": "plugins",
    "theiaPlugins": {
      "vscode-builtin-extensions-pack": "https://open-vsx.org/api/eclipse-theia/builtin-extension-pack/1.50.1/file/eclipse-theia.builtin-extension-pack-1.50.1.vsix"
    },
    "theiaPluginsExcludeIds": [
      "ms-vscode.js-debug-companion",
      "vscode.extension-editing",
      "vscode.git",
      "vscode.git-ui",
      "vscode.github",
      "vscode.github-authentication",
      "vscode.microsoft-authentication"
    ]
  }

yarn manifest: 
  No manifest

Lockfile: 
  No lockfile
